[debug] [2022-03-25T05:20:29.397Z] ----------------------------------------------------------------------
[debug] [2022-03-25T05:20:29.402Z] Command:       C:\Program Files\nodejs\node.exe C:\Users\zvenhuizen\AppData\Roaming\npm\node_modules\firebase-tools\lib\bin\firebase.js serve --only hosting
[debug] [2022-03-25T05:20:29.403Z] CLI Version:   10.5.0
[debug] [2022-03-25T05:20:29.403Z] Platform:      win32
[debug] [2022-03-25T05:20:29.403Z] Node Version:  v14.17.5
[debug] [2022-03-25T05:20:29.407Z] Time:          Fri Mar 25 2022 00:20:29 GMT-0500 (Central Daylight Time)
[debug] [2022-03-25T05:20:29.407Z] ----------------------------------------------------------------------
[debug] 
[debug] [2022-03-25T05:20:29.585Z] > command requires scopes: ["email","openid","https://www.googleapis.com/auth/cloudplatformprojects.readonly","https://www.googleapis.com/auth/firebase","https://www.googleapis.com/auth/cloud-platform"]
[debug] [2022-03-25T05:20:29.585Z] > authorizing via signed-in user (venhuizen.zack@gmail.com)
[debug] [2022-03-25T05:20:29.586Z] [iam] checking project vhrpg-8890 for permissions ["firebase.projects.get"]
[debug] [2022-03-25T05:20:29.591Z] >>> [apiv2][query] POST https://cloudresourcemanager.googleapis.com/v1/projects/vhrpg-8890:testIamPermissions [none]
[debug] [2022-03-25T05:20:29.591Z] >>> [apiv2][body] POST https://cloudresourcemanager.googleapis.com/v1/projects/vhrpg-8890:testIamPermissions {"permissions":["firebase.projects.get"]}
[debug] [2022-03-25T05:20:29.986Z] <<< [apiv2][status] POST https://cloudresourcemanager.googleapis.com/v1/projects/vhrpg-8890:testIamPermissions 200
[debug] [2022-03-25T05:20:29.986Z] <<< [apiv2][body] POST https://cloudresourcemanager.googleapis.com/v1/projects/vhrpg-8890:testIamPermissions {"permissions":["firebase.projects.get"]}
[debug] [2022-03-25T05:20:29.987Z] >>> [apiv2][query] GET https://firebase.googleapis.com/v1beta1/projects/vhrpg-8890 [none]
[debug] [2022-03-25T05:20:30.373Z] <<< [apiv2][status] GET https://firebase.googleapis.com/v1beta1/projects/vhrpg-8890 200
[debug] [2022-03-25T05:20:30.373Z] <<< [apiv2][body] GET https://firebase.googleapis.com/v1beta1/projects/vhrpg-8890 {"projectId":"vhrpg-8890","projectNumber":"75961707876","displayName":"vhrpg","name":"projects/vhrpg-8890","resources":{"hostingSite":"vhrpg-8890","realtimeDatabaseInstance":"vhrpg-8890-default-rtdb","storageBucket":"vhrpg-8890.appspot.com","locationId":"us-central"},"state":"ACTIVE"}
[debug] [2022-03-25T05:20:30.374Z] >>> [apiv2][query] GET https://firebasehosting.googleapis.com/v1beta1/projects/vhrpg-8890/sites 
[debug] [2022-03-25T05:20:30.850Z] <<< [apiv2][status] GET https://firebasehosting.googleapis.com/v1beta1/projects/vhrpg-8890/sites 200
[debug] [2022-03-25T05:20:30.850Z] <<< [apiv2][body] GET https://firebasehosting.googleapis.com/v1beta1/projects/vhrpg-8890/sites {"sites":[{"name":"projects/75961707876/sites/vhrpg-8890","defaultUrl":"https://vhrpg-8890.web.app","type":"DEFAULT_SITE"}]}
[debug] [2022-03-25T05:20:30.850Z] >>> [apiv2][query] GET https://firebase.googleapis.com/v1beta1/projects/vhrpg-8890/webApps/-/config [none]
[debug] [2022-03-25T05:20:31.273Z] <<< [apiv2][status] GET https://firebase.googleapis.com/v1beta1/projects/vhrpg-8890/webApps/-/config 200
[debug] [2022-03-25T05:20:31.273Z] <<< [apiv2][body] GET https://firebase.googleapis.com/v1beta1/projects/vhrpg-8890/webApps/-/config {"projectId":"vhrpg-8890","appId":"1:75961707876:web:7f06d949c2c809f14ade71","databaseURL":"https://vhrpg-8890-default-rtdb.firebaseio.com","storageBucket":"vhrpg-8890.appspot.com","locationId":"us-central","apiKey":"AIzaSyC7pkFjI9VGE7Sh5T8Kk76rJyBk_kTriCU","authDomain":"vhrpg-8890.firebaseapp.com","messagingSenderId":"75961707876","measurementId":"G-WN4N967Y86"}
[info] i  hosting: Serving hosting files from: public {"metadata":{"emulator":{"name":"hosting"},"message":"Serving hosting files from: \u001b[1mpublic\u001b[22m"}}
[info] +  hosting: Local server: http://localhost:5000 {"metadata":{"emulator":{"name":"hosting"},"message":"Local server: \u001b[4m\u001b[1mhttp://localhost:5000\u001b[22m\u001b[24m"}}
